<?xml version="1.0" encoding="UTF-8"?>
<!-- Generated by org.testng.reporters.JUnitReportReporter -->
<testsuite skipped="0" hostname="DESKTOP-T4BBQUI" name="com.crm.qa.testcases.HomePageTest" tests="3" failures="0" timestamp="25 Mar 2019 05:35:20 GMT" time="31.740" errors="0">
  <testcase name="verifyHomePageTitleTest" time="10.655" classname="com.crm.qa.testcases.HomePageTest"/>
  <testcase name="verifyUserNameTest" time="10.231" classname="com.crm.qa.testcases.HomePageTest"/>
  <testcase name="verifyContactsLinkTest" time="10.854" classname="com.crm.qa.testcases.HomePageTest"/>
</testsuite> <!-- com.crm.qa.testcases.HomePageTest -->
