<?xml version="1.0" encoding="UTF-8"?>
<!-- Generated by org.testng.reporters.JUnitReportReporter -->
<testsuite skipped="0" hostname="DESKTOP-T4BBQUI" name="com.crm.qa.testcases.LoginPageTest" tests="3" failures="0" timestamp="25 Mar 2019 05:35:20 GMT" time="22.327" errors="0">
  <testcase name="loginPageTitleTest" time="5.926" classname="com.crm.qa.testcases.LoginPageTest"/>
  <testcase name="crmLogoImageTest" time="6.062" classname="com.crm.qa.testcases.LoginPageTest"/>
  <testcase name="loginTest" time="10.339" classname="com.crm.qa.testcases.LoginPageTest"/>
</testsuite> <!-- com.crm.qa.testcases.LoginPageTest -->
