<?xml version="1.0" encoding="UTF-8"?>
<!-- Generated by org.testng.reporters.JUnitReportReporter -->
<testsuite skipped="0" hostname="DESKTOP-T4BBQUI" name="com.crm.qa.testcases.LoginPageTest" tests="3" failures="0" timestamp="25 Mar 2019 07:14:50 GMT" time="22.406" errors="0">
  <testcase name="loginPageTitleTest" time="6.166" classname="com.crm.qa.testcases.LoginPageTest"/>
  <testcase name="crmLogoImageTest" time="6.001" classname="com.crm.qa.testcases.LoginPageTest"/>
  <testcase name="loginTest" time="10.239" classname="com.crm.qa.testcases.LoginPageTest"/>
</testsuite> <!-- com.crm.qa.testcases.LoginPageTest -->
