<?xml version="1.0" encoding="UTF-8"?>
<!-- Generated by org.testng.reporters.JUnitReportReporter -->
<testsuite skipped="0" hostname="DESKTOP-T4BBQUI" name="com.crm.qa.testcases.HomePageTest" tests="3" failures="0" timestamp="25 Mar 2019 07:14:50 GMT" time="31.711" errors="0">
  <testcase name="verifyHomePageTitleTest" time="10.247" classname="com.crm.qa.testcases.HomePageTest"/>
  <testcase name="verifyUserNameTest" time="10.300" classname="com.crm.qa.testcases.HomePageTest"/>
  <testcase name="verifyContactsLinkTest" time="11.164" classname="com.crm.qa.testcases.HomePageTest"/>
</testsuite> <!-- com.crm.qa.testcases.HomePageTest -->
